This is pdfTeX, Version 3.1415926-2.4-1.40.13 (TeX Live 2012) (format=latex 2013.4.19)  20 APR 2013 01:11
entering extended mode
 restricted \write18 enabled.
 %&-line parsing enabled.
**coep_compit_report
(./coep_compit_report.tex
LaTeX2e <2011/06/27>
Babel <v3.8m> and hyphenation patterns for english, dumylang, nohyphenation, ba
sque, danish, dutch, ukenglish, usenglishmax, finnish, french, german, ngerman,
 swissgerman, hungarian, italian, bokmal, nynorsk, polish, portuguese, spanish,
 swedish, loaded.
(/usr/local/texlive/2012basic/texmf-dist/tex/latex/base/report.cls
Document Class: report 2007/10/19 v1.4h Standard LaTeX document class
(/usr/local/texlive/2012basic/texmf-dist/tex/latex/base/size10.clo
File: size10.clo 2007/10/19 v1.4h Standard LaTeX file (size option)
)
\c@part=\count79
\c@chapter=\count80
\c@section=\count81
\c@subsection=\count82
\c@subsubsection=\count83
\c@paragraph=\count84
\c@subparagraph=\count85
\c@figure=\count86
\c@table=\count87
\abovecaptionskip=\skip41
\belowcaptionskip=\skip42
\bibindent=\dimen102
)
(/usr/local/texlive/2012basic/texmf-dist/tex/latex/graphics/graphics.sty
Package: graphics 2009/02/05 v1.0o Standard LaTeX Graphics (DPC,SPQR)

(/usr/local/texlive/2012basic/texmf-dist/tex/latex/graphics/trig.sty
Package: trig 1999/03/16 v1.09 sin cos tan (DPC)
)
(/usr/local/texlive/2012basic/texmf-dist/tex/latex/latexconfig/graphics.cfg
File: graphics.cfg 2010/04/23 v1.9 graphics configuration of TeX Live
)
Package graphics Info: Driver file: dvips.def on input line 91.

(/usr/local/texlive/2012basic/texmf-dist/tex/latex/graphics/dvips.def
File: dvips.def 1999/02/16 v3.0i Driver-dependant file (DPC,SPQR)
))
(/usr/local/texlive/2012basic/texmf-dist/tex/latex/graphics/color.sty
Package: color 2005/11/14 v1.0j Standard LaTeX Color (DPC)

(/usr/local/texlive/2012basic/texmf-dist/tex/latex/latexconfig/color.cfg
File: color.cfg 2007/01/18 v1.5 color configuration of teTeX/TeXLive
)
Package color Info: Driver file: dvips.def on input line 130.

(/usr/local/texlive/2012basic/texmf-dist/tex/latex/graphics/dvipsnam.def
File: dvipsnam.def 1999/02/16 v3.0i Driver-dependant file (DPC,SPQR)
))
(/usr/local/texlive/2012basic/texmf-dist/tex/latex/graphics/epsfig.sty
Package: epsfig 1999/02/16 v1.7a (e)psfig emulation (SPQR)

(/usr/local/texlive/2012basic/texmf-dist/tex/latex/graphics/graphicx.sty
Package: graphicx 1999/02/16 v1.0f Enhanced LaTeX Graphics (DPC,SPQR)

(/usr/local/texlive/2012basic/texmf-dist/tex/latex/graphics/keyval.sty
Package: keyval 1999/03/16 v1.13 key=value parser (DPC)
\KV@toks@=\toks14
)
\Gin@req@height=\dimen103
\Gin@req@width=\dimen104
)
\epsfxsize=\dimen105
\epsfysize=\dimen106
)
(/usr/local/texlive/2012basic/texmf-dist/tex/latex/tools/longtable.sty
Package: longtable 2004/02/01 v4.11 Multi-page Table package (DPC)
\LTleft=\skip43
\LTright=\skip44
\LTpre=\skip45
\LTpost=\skip46
\LTchunksize=\count88
\LTcapwidth=\dimen107
\LT@head=\box26
\LT@firsthead=\box27
\LT@foot=\box28
\LT@lastfoot=\box29
\LT@cols=\count89
\LT@rows=\count90
\c@LT@tables=\count91
\c@LT@chunks=\count92
\LT@p@ftn=\toks15
)

LaTeX Warning: Unused global option(s):
    [14pt].

(./coep_compit_report.aux

LaTeX Warning: Label `fig:Label7' multiply defined.

)
\openout1 = `coep_compit_report.aux'.

LaTeX Font Info:    Checking defaults for OML/cmm/m/it on input line 41.
LaTeX Font Info:    ... okay on input line 41.
LaTeX Font Info:    Checking defaults for T1/cmr/m/n on input line 41.
LaTeX Font Info:    ... okay on input line 41.
LaTeX Font Info:    Checking defaults for OT1/cmr/m/n on input line 41.
LaTeX Font Info:    ... okay on input line 41.
LaTeX Font Info:    Checking defaults for OMS/cmsy/m/n on input line 41.
LaTeX Font Info:    ... okay on input line 41.
LaTeX Font Info:    Checking defaults for OMX/cmex/m/n on input line 41.
LaTeX Font Info:    ... okay on input line 41.
LaTeX Font Info:    Checking defaults for U/cmr/m/n on input line 41.
LaTeX Font Info:    ... okay on input line 41.
 (./titlepage.tex
LaTeX Font Info:    External font `cmex10' loaded for size
(Font)              <7> on input line 15.
LaTeX Font Info:    External font `cmex10' loaded for size
(Font)              <5> on input line 15.
File: figures/coeplogo.eps Graphic file (type eps)
 <figures/coeplogo.eps> [1

]) (./certi.tex
Overfull \hbox (0.55426pt too wide) in paragraph at lines 26--41
\OT1/cmr/m/n/12 SELF-HEALING CLOUD COM-PUT-ING AR-CHI-TEC-TURE'' has been suc-c
ess-fully com-
 []

) (./abstract.tex [1] [1]) (./coep_compit_report.toc
LaTeX Font Info:    External font `cmex10' loaded for size
(Font)              <12> on input line 4.
LaTeX Font Info:    External font `cmex10' loaded for size
(Font)              <8> on input line 4.
LaTeX Font Info:    External font `cmex10' loaded for size
(Font)              <6> on input line 4.
Missing character: There is no ‚ in font cmr12!
Missing character: There is no Ä in font cmr12!
Missing character: There is no ì in font cmr12!
 [1

] [2])
\tf@toc=\write3
\openout3 = `coep_compit_report.toc'.

 [1]
(./coep_compit_report.lot)
\tf@lot=\write4
\openout4 = `coep_compit_report.lot'.

 [2

] (./coep_compit_report.lof)
\tf@lof=\write5
\openout5 = `coep_compit_report.lof'.

 [3

]
(./chapter_1_Introduction.tex
Chapter 1.
[1

]
LaTeX Font Info:    Try loading font information for OMS+cmr on input line 16.
 (/usr/local/texlive/2012basic/texmf-dist/tex/latex/base/omscmr.fd
File: omscmr.fd 1999/05/25 v2.5h Standard LaTeX font definitions
)
LaTeX Font Info:    Font shape `OMS/cmr/m/n' in size <12> not available
(Font)              Font shape `OMS/cmsy/m/n' tried instead on input line 16.
 [2]
[3]) (./chapter_2_layered_architecture.tex [4]
Chapter 2.
[5

]
Missing character: There is no ‚ in font cmr12!
Missing character: There is no Ä in font cmr12!
Missing character: There is no ô in font cmr12!
 [6]
Missing character: There is no ‚ in font cmr12!
Missing character: There is no Ä in font cmr12!
Missing character: There is no ô in font cmr12!
) (./chapter_3_healing.tex [7]
Chapter 3.
Missing character: There is no ‚ in font cmbx12!
Missing character: There is no Ä in font cmbx12!
Missing character: There is no ì in font cmbx12!
[8

] [9] [10] [11]
Missing character: There is no ‚ in font cmr12!
Missing character: There is no Ä in font cmr12!
Missing character: There is no ú in font cmr12!
Missing character: There is no ‚ in font cmr12!
Missing character: There is no Ä in font cmr12!
Missing character: There is no ù in font cmr12!
) (./chapter_4_existing_solutions.tex [12] [13]
Chapter 4.
File: figures/patent1_1.eps Graphic file (type eps)
<figures/patent1_1.eps>
File: figures/patent1_2.eps Graphic file (type eps)
 <figures/patent1_2.eps>

LaTeX Warning: `h' float specifier changed to `ht'.

File: figures/patent2_1.eps Graphic file (type eps)
<figures/patent2_1.eps> [14

]

LaTeX Warning: `h' float specifier changed to `ht'.

File: figures/patent2_2.eps Graphic file (type eps)
<figures/patent2_2.eps>

LaTeX Warning: `h' float specifier changed to `ht'.

File: figures/patent3.eps Graphic file (type eps)
<figures/patent3.eps> [15] [16]
Underfull \hbox (badness 10000) in paragraph at lines 61--61
[]|\OT1/cmr/bx/n/9 Autonomic Com-
 []


Underfull \hbox (badness 1127) in paragraph at lines 61--61
\OT1/cmr/bx/n/9 put-ing Sys-tem with
 []


Underfull \hbox (badness 10000) in paragraph at lines 61--61
[]|\OT1/cmr/bx/n/9 Architecture for a
 []


Underfull \hbox (badness 6775) in paragraph at lines 61--61
\OT1/cmr/bx/n/9 Self Heal-ing Com-
 []


Underfull \hbox (badness 10000) in paragraph at lines 61--61
\OT1/cmr/bx/n/9 for Achiev-ing Au-
 []


Underfull \hbox (badness 5359) in paragraph at lines 61--61
\OT1/cmr/bx/n/9 to-nomic Com-put-ing
 []


Underfull \hbox (badness 3646) in paragraph at lines 61--61
\OT1/cmr/bx/n/9 Meta Level Re-flec-
 []


Underfull \hbox (badness 1748) in paragraph at lines 62--62
[]|\OT1/cmr/m/n/9 Sensor State Com-par-i-
 []


Underfull \hbox (badness 10000) in paragraph at lines 62--62
[]|\OT1/cmr/m/n/9 Dynamic Sig-na-ture
 []


Underfull \hbox (badness 10000) in paragraph at lines 64--64
[]|\OT1/cmr/m/n/9 Action Rec-om-men-
 []


Underfull \hbox (badness 2707) in paragraph at lines 64--64
\OT1/cmr/m/n/9 in-cludes se-man-tic pro-
 []


Underfull \hbox (badness 2856) in paragraph at lines 64--64
\OT1/cmr/m/n/9 Lookup ta-ble to map
 []


Underfull \hbox (badness 1210) in paragraph at lines 64--64
\OT1/cmr/m/n/9 tion in case the ba-sic
 []


Underfull \hbox (badness 10000) in paragraph at lines 64--64
\OT1/cmr/m/n/9 Trans-parency pro-vided
 []


Underfull \hbox (badness 1418) in paragraph at lines 65--65
[]|\OT1/cmr/m/n/9 Reasoning Ex-pert Sys-
 []


Underfull \hbox (badness 1259) in paragraph at lines 67--67
\OT1/cmr/m/n/9 cess so much in-for-ma-
 []


Underfull \hbox (badness 1122) in paragraph at lines 67--67
\OT1/cmr/m/n/9 which ex-e-cutes a code
 []


Underfull \vbox (badness 10000) detected at line 70
 []

[17]) (./chapter_5_problem_statement.tex [18]
Chapter 5.
) (./chapter_6_proposed_solution.tex [19

]
Chapter 6.
File: figures/cloud_architecture.eps Graphic file (type eps)
<figures/cloud_architecture.eps> [20

] [21] [22]
File: figures/failure_prediction_scheme.eps Graphic file (type eps)

<figures/failure_prediction_scheme.eps> [23]
File: figures/temporal_correlation.eps Graphic file (type eps)

<figures/temporal_correlation.eps> [24]
File: figures/prediction_algorithm.eps Graphic file (type eps)
 <figures/prediction_algorithm.eps>)
[25] (./appendix_blue_gene.tex [26]
Appendix A.
LaTeX Font Info:    External font `cmex10' loaded for size
(Font)              <9> on input line 10.

Underfull \hbox (badness 10000) in paragraph at lines 13--13
[]\OT1/cmr/m/n/9 2005-06-03-
 []


Underfull \hbox (badness 10000) in paragraph at lines 13--13
[]\OT1/cmr/m/n/9 R02-M1-
 []


Underfull \hbox (badness 10000) in paragraph at lines 13--13
\OT1/cmr/m/n/9 N0-C:J12-
 []


Underfull \hbox (badness 10000) in paragraph at lines 13--13
[]\OT1/cmr/m/n/9 instruction cache
 []


Underfull \hbox (badness 10000) in paragraph at lines 13--13
\OT1/cmr/m/n/9 par-ity er-ror cor-
 []

[27

]) (./appendix_apriori.tex [28]
Appendix B.

Overfull \hbox (11.0772pt too wide) in paragraph at lines 4--6
\OT1/cmr/m/n/12 Let $\OML/cmm/m/it/12 I \OT1/cmr/m/n/12 = \OMS/cmsy/m/n/12 f\OM
L/cmm/m/it/12 i[]; i[]; [] ; i[]\OMS/cmsy/m/n/12 g$ \OT1/cmr/m/n/12 be a set of
 $\OML/cmm/m/it/12 n$ \OT1/cmr/m/n/12 bi-nary at-tributes called ``items". Let 
$\OML/cmm/m/it/12 D \OT1/cmr/m/n/12 = \OMS/cmsy/m/n/12 f\OML/cmm/m/it/12 t[]; t
[]; [] ; t[]\OMS/cmsy/m/n/12 g$
 []

[29

]
Missing character: There is no ‚ in font cmr12!
Missing character: There is no à in font cmr12!
Missing character: There is no ™ in font cmr12!
 [30])
Underfull \hbox (badness 10000) in paragraph at lines 31--80

 []

[31] (./coep_compit_report.bbl [32]
Underfull \hbox (badness 10000) in paragraph at lines 4--6
[]\OT1/cmr/m/n/12 Data min-ing and ma-chine learn-ing us-ing weka.
 []

Missing character: There is no ‚ in font cmti12!
Missing character: There is no Ä in font cmti12!
Missing character: There is no ô in font cmti12!
[33

] [34]) [35] (./coep_compit_report.aux)

LaTeX Warning: There were multiply-defined labels.

 ) 
Here is how much of TeX's memory you used:
 995 strings out of 494579
 13756 string characters out of 3168597
 70764 words of memory out of 3000000
 4196 multiletter control sequences out of 15000+200000
 12448 words of font info for 41 fonts, out of 3000000 for 9000
 314 hyphenation exceptions out of 8191
 30i,12n,21p,1557b,363s stack positions out of 5000i,500n,10000p,200000b,50000s

Output written on coep_compit_report.dvi (43 pages, 88068 bytes).
